<?xml version="1.0" encoding="UTF-8"?>
<!-- Generated by org.testng.reporters.JUnitXMLReporter -->
<testsuite hostname="SKURADAGI6430" ignored="12" name="Default test" tests="1" failures="0" timestamp="05 Aug 2018 19:00:13 GMT" time="0.599" errors="0">
  <testcase name="toJsonTest" time="0.561" classname="com.target.metrotransit.metrotransitCaseStudy.helper.MetroTrainsitHelperTest"/>
  <testcase name="isValidDirectionFalseTest" time="0.0" classname="com.target.metrotransit.metrotransitCaseStudy.helper.MetroTrainsitHelperTest">
    <ignored/>
  </testcase> <!-- isValidDirectionFalseTest -->
  <testcase name="getStopInvalidStopNameTest" time="0.0" classname="com.target.metrotransit.metrotransitCaseStudy.helper.MetroTrainsitHelperTest">
    <ignored/>
  </testcase> <!-- getStopInvalidStopNameTest -->
  <testcase name="getRouteEmptyResponseTest" time="0.0" classname="com.target.metrotransit.metrotransitCaseStudy.helper.MetroTrainsitHelperTest">
    <ignored/>
  </testcase> <!-- getRouteEmptyResponseTest -->
  <testcase name="getNextTripDetailWithEmptyResponseTest" time="0.0" classname="com.target.metrotransit.metrotransitCaseStudy.helper.MetroTrainsitHelperTest">
    <ignored/>
  </testcase> <!-- getNextTripDetailWithEmptyResponseTest -->
  <testcase name="getStopEmptyNameTest" time="0.0" classname="com.target.metrotransit.metrotransitCaseStudy.helper.MetroTrainsitHelperTest">
    <ignored/>
  </testcase> <!-- getStopEmptyNameTest -->
  <testcase name="getStopTest" time="0.0" classname="com.target.metrotransit.metrotransitCaseStudy.helper.MetroTrainsitHelperTest">
    <ignored/>
  </testcase> <!-- getStopTest -->
  <testcase name="getNextTripDetailTest" time="0.0" classname="com.target.metrotransit.metrotransitCaseStudy.helper.MetroTrainsitHelperTest">
    <ignored/>
  </testcase> <!-- getNextTripDetailTest -->
  <testcase name="isValidDirectionWithEmptyResponse" time="0.0" classname="com.target.metrotransit.metrotransitCaseStudy.helper.MetroTrainsitHelperTest">
    <ignored/>
  </testcase> <!-- isValidDirectionWithEmptyResponse -->
  <testcase name="getRouteTest" time="0.0" classname="com.target.metrotransit.metrotransitCaseStudy.helper.MetroTrainsitHelperTest">
    <ignored/>
  </testcase> <!-- getRouteTest -->
  <testcase name="getRouteWithEmptyRouteTest" time="0.0" classname="com.target.metrotransit.metrotransitCaseStudy.helper.MetroTrainsitHelperTest">
    <ignored/>
  </testcase> <!-- getRouteWithEmptyRouteTest -->
  <testcase name="isValidDirectionTest" time="0.0" classname="com.target.metrotransit.metrotransitCaseStudy.helper.MetroTrainsitHelperTest">
    <ignored/>
  </testcase> <!-- isValidDirectionTest -->
  <testcase name="getWaitTimeInMinutesTest" time="0.0" classname="com.target.metrotransit.metrotransitCaseStudy.helper.MetroTrainsitHelperTest">
    <ignored/>
  </testcase> <!-- getWaitTimeInMinutesTest -->
</testsuite> <!-- Default test -->
