<?xml version="1.0" encoding="UTF-8"?>
<testng-results skipped="0" failed="0" ignored="12" total="13" passed="1">
  <reporter-output>
  </reporter-output>
  <suite name="Default suite" duration-ms="599" started-at="2018-08-05T19:00:13Z" finished-at="2018-08-05T19:00:13Z">
    <groups>
    </groups>
    <test name="Default test" duration-ms="599" started-at="2018-08-05T19:00:13Z" finished-at="2018-08-05T19:00:13Z">
      <class name="com.target.metrotransit.metrotransitCaseStudy.helper.MetroTrainsitHelperTest">
        <test-method status="PASS" signature="toJsonTest()[pri:0, instance:com.target.metrotransit.metrotransitCaseStudy.helper.MetroTrainsitHelperTest@48503868]" name="toJsonTest" duration-ms="561" started-at="2018-08-06T00:30:13Z" finished-at="2018-08-06T00:30:13Z">
          <reporter-output>
          </reporter-output>
        </test-method> <!-- toJsonTest -->
      </class> <!-- com.target.metrotransit.metrotransitCaseStudy.helper.MetroTrainsitHelperTest -->
    </test> <!-- Default test -->
  </suite> <!-- Default suite -->
</testng-results>
